1621801618640	geckodriver	INFO	Listening on 127.0.0.1:56267
1621801712397	geckodriver	INFO	Listening on 127.0.0.1:56414
1621801715424	mozrunner::runner	INFO	Running command: "C:\\Program Files\\Mozilla Firefox\\firefox.exe" "--marionette" "-foreground" "-no-remote" "-profile" "C:\\Users\\olaju\\AppData\\Local\\Temp\\rust_mozprofileuqB1iC"
1621801716025	Marionette	INFO	Marionette enabled
console.warn: SearchSettings: "get: No settings file exists, new profile?" (new Error("", "(unknown module)"))
1621801717997	Marionette	INFO	Listening on port 56422
1621801718177	Marionette	WARN	TLS certificate errors will be ignored for this session
1621801731427	Marionette	INFO	Stopped listening on port 56422
1621801737411	geckodriver	INFO	Listening on 127.0.0.1:56484
1621801740412	mozrunner::runner	INFO	Running command: "C:\\Program Files\\Mozilla Firefox\\firefox.exe" "--marionette" "-foreground" "-no-remote" "-profile" "C:\\Users\\olaju\\AppData\\Local\\Temp\\rust_mozprofileQCq1WG"
1621801740883	Marionette	INFO	Marionette enabled
console.warn: SearchSettings: "get: No settings file exists, new profile?" (new Error("", "(unknown module)"))
1621801743510	Marionette	INFO	Listening on port 56494
1621801743756	Marionette	WARN	TLS certificate errors will be ignored for this session

###!!! [Child][RunMessage] Error: Channel closing: too late to send/recv, messages will be lost

1621801904960	Marionette	INFO	Stopped listening on port 56494

###!!! [Child][RunMessage] Error: Channel closing: too late to send/recv, messages will be lost

1621801909872	geckodriver	INFO	Listening on 127.0.0.1:56673
1621801912904	mozrunner::runner	INFO	Running command: "C:\\Program Files\\Mozilla Firefox\\firefox.exe" "--marionette" "-foreground" "-no-remote" "-profile" "C:\\Users\\olaju\\AppData\\Local\\Temp\\rust_mozprofile1YFkzZ"
1621801913422	Marionette	INFO	Marionette enabled
console.warn: SearchSettings: "get: No settings file exists, new profile?" (new Error("", "(unknown module)"))
1621801915546	Marionette	INFO	Listening on port 56685
1621801915594	Marionette	WARN	TLS certificate errors will be ignored for this session
SourceActor threw an exception: [Exception... "Component returned failure code: 0x80470002 (NS_BASE_STREAM_CLOSED) [nsIInputStream.available]"  nsresult: "0x80470002 (NS_BASE_STREAM_CLOSED)"  location: "JS frame :: resource://devtools/shared/DevToolsUtils.js :: onResponse :: line 567"  data: no]
Stack: onResponse@resource://devtools/shared/DevToolsUtils.js:567:34
onStopRequest@resource://gre/modules/NetUtil.jsm:128:18
Line: 567, column: 0
console.error: ({})
SourceActor threw an exception: [Exception... "Component returned failure code: 0x80470002 (NS_BASE_STREAM_CLOSED) [nsIInputStream.available]"  nsresult: "0x80470002 (NS_BASE_STREAM_CLOSED)"  location: "JS frame :: resource://devtools/shared/DevToolsUtils.js :: onResponse :: line 567"  data: no]
Stack: onResponse@resource://devtools/shared/DevToolsUtils.js:567:34
onStopRequest@resource://gre/modules/NetUtil.jsm:128:18
Line: 567, column: 0
console.error: ({})
JavaScript error: resource://devtools/shared/DevToolsUtils.js, line 567: NS_BASE_STREAM_CLOSED: Component returned failure code: 0x80470002 (NS_BASE_STREAM_CLOSED) [nsIInputStream.available]
JavaScript error: resource://devtools/shared/DevToolsUtils.js, line 567: NS_BASE_STREAM_CLOSED: Component returned failure code: 0x80470002 (NS_BASE_STREAM_CLOSED) [nsIInputStream.available]
IPDL protocol error: Handler returned error code!

###!!! [Parent][DispatchAsyncMessage] Error: PLayerTransaction::Msg_ReleaseLayer Processing error: message was deserialized, but the handler returned false (indicating failure)

IPDL protocol error: Handler returned error code!

###!!! [Parent][DispatchAsyncMessage] Error: PLayerTransaction::Msg_ReleaseLayer Processing error: message was deserialized, but the handler returned false (indicating failure)

IPDL protocol error: Handler returned error code!

###!!! [Parent][DispatchAsyncMessage] Error: PLayerTransaction::Msg_ReleaseLayer Processing error: message was deserialized, but the handler returned false (indicating failure)

IPDL protocol error: Handler returned error code!

###!!! [Parent][DispatchAsyncMessage] Error: PLayerTransaction::Msg_ReleaseLayer Processing error: message was deserialized, but the handler returned false (indicating failure)

IPDL protocol error: Handler returned error code!

###!!! [Parent][DispatchAsyncMessage] Error: PLayerTransaction::Msg_ReleaseLayer Processing error: message was deserialized, but the handler returned false (indicating failure)

IPDL protocol error: Handler returned error code!

###!!! [Parent][DispatchAsyncMessage] Error: PLayerTransaction::Msg_ReleaseLayer Processing error: message was deserialized, but the handler returned false (indicating failure)

IPDL protocol error: Handler returned error code!

###!!! [Parent][DispatchAsyncMessage] Error: PLayerTransaction::Msg_ReleaseLayer Processing error: message was deserialized, but the handler returned false (indicating failure)

IPDL protocol error: Handler returned error code!

###!!! [Parent][DispatchAsyncMessage] Error: PLayerTransaction::Msg_ReleaseLayer Processing error: message was deserialized, but the handler returned false (indicating failure)

IPDL protocol error: Handler returned error code!

###!!! [Parent][DispatchAsyncMessage] Error: PLayerTransaction::Msg_ReleaseLayer Processing error: message was deserialized, but the handler returned false (indicating failure)

IPDL protocol error: Handler returned error code!

###!!! [Parent][DispatchAsyncMessage] Error: PLayerTransaction::Msg_ReleaseLayer Processing error: message was deserialized, but the handler returned false (indicating failure)

IPDL protocol error: Handler returned error code!

###!!! [Parent][DispatchAsyncMessage] Error: PLayerTransaction::Msg_ReleaseLayer Processing error: message was deserialized, but the handler returned false (indicating failure)

IPDL protocol error: Handler returned error code!

###!!! [Parent][DispatchAsyncMessage] Error: PLayerTransaction::Msg_ReleaseLayer Processing error: message was deserialized, but the handler returned false (indicating failure)

IPDL protocol error: Handler returned error code!

###!!! [Parent][DispatchAsyncMessage] Error: PLayerTransaction::Msg_ReleaseLayer Processing error: message was deserialized, but the handler returned false (indicating failure)

1621802473441	Marionette	INFO	Stopped listening on port 56685

###!!! [Child][RunMessage] Error: Channel closing: too late to send/recv, messages will be lost

cate errors will be ignored for this session
1621802474028	Marionette	INFO	Stopped listening on port 57077

###!!! [Child][RunMessage] Error: Channel closing: too late to send/recv, messages will be lost



###!!! [Parent][DispatchAsyncMessage] Error: PLayerTransaction::Msg_ReleaseLayer Processing error: message was deserialized, but the handler returned false (indicating failure)

IPDL protocol error: Handler returned error code!

###!!! [Parent][DispatchAsyncMessage] Error: PLayerTransaction::Msg_ReleaseLayer Processing error: message was deserialized, but the handler returned false (indicating failure)

IPDL protocol error: Handler returned error code!

###!!! [Parent][DispatchAsyncMessage] Error: PLayerTransaction::Msg_ReleaseLayer Processing error: message was deserialized, but the handler returned false (indicating failure)

IPDL protocol error: Handler returned error code!

###!!! [Parent][DispatchAsyncMessage] Error: PLayerTransaction::Msg_ReleaseLayer Processing error: message was deserialized, but the handler returned false (indicating failure)

IPDL protocol error: Handler returned error code!

###!!! [Parent][DispatchAsyncMessage] Error: PLayerTransaction::Msg_ReleaseLayer Processing error: message was deserialized, but the handler returned false (indicating failure)

IPDL protocol error: Handler returned error code!

###!!! [Parent][DispatchAsyncMessage] Error: PLayerTransaction::Msg_ReleaseLayer Processing error: message was deserialized, but the handler returned false (indicating failure)

IPDL protocol error: Handler returned error code!

###!!! [Parent][DispatchAsyncMessage] Error: PLayerTransaction::Msg_ReleaseLayer Processing error: message was deserialized, but the handler returned false (indicating failure)

IPDL protocol error: Handler returned error code!

###!!! [Parent][DispatchAsyncMessage] Error: PLayerTransaction::Msg_ReleaseLayer Processing error: message was deserialized, but the handler returned false (indicating failure)

IPDL protocol error: Handler returned error code!

###!!! [Parent][DispatchAsyncMessage] Error: PLayerTransaction::Msg_ReleaseLayer Processing error: message was deserialized, but the handler returned false (indicating failure)

IPDL protocol error: Handler returned error code!

###!!! [Parent][DispatchAsyncMessage] Error: PLayerTransaction::Msg_ReleaseLayer Processing error: message was deserialized, but the handler returned false (indicating failure)

JavaScript error: resource://gre/modules/AsyncShutdown.jsm, line 718: Error: Phase "Sqlite.jsm: wait until all connections are closed" is finished, it is too late to register completion condition "protections.sqlite#0: waiting for shutdown"
1621802216998	Marionette	INFO	Stopped listening on port 56941

###!!! [Child][RunMessage] Error: Channel closing: too late to send/recv, messages will be lost

1621802248663	geckodriver	INFO	Listening on 127.0.0.1:57141
1621802251687	mozrunner::runner	INFO	Running command: "C:\\Program Files\\Mozilla Firefox\\firefox.exe" "--marionette" "-foreground" "-no-remote" "-profile" "C:\\Users\\olaju\\AppData\\Local\\Temp\\rust_mozprofilevHAO65"
1621802252228	Marionette	INFO	Marionette enabled
console.warn: SearchSettings: "get: No settings file exists, new profile?" (new Error("", "(unknown module)"))
1621802254607	Marionette	INFO	Listening on port 57151
1621802255053	Marionette	WARN	TLS certificate errors will be ignored for this session
1621802358766	Marionette	INFO	Stopped listening on port 57151
1621802361352	geckodriver	INFO	Listening on 127.0.0.1:57277
1621802364394	mozrunner::runner	INFO	Running command: "C:\\Program Files\\Mozilla Firefox\\firefox.exe" "--marionette" "-foreground" "-no-remote" "-profile" "C:\\Users\\olaju\\AppData\\Local\\Temp\\rust_mozprofileL7Ytxb"
1621802364881	Marionette	INFO	Marionette enabled
console.warn: SearchSettings: "get: No settings file exists, new profile?" (new Error("", "(unknown module)"))
1621802366883	Marionette	INFO	Listening on port 57288
1621802367079	Marionette	WARN	TLS certificate errors will be ignored for this session
1621802450762	Marionette	INFO	Stopped listening on port 57288

###!!! [Child][RunMessage] Error: Channel closing: too late to send/recv, messages will be lost

"--marionette" "-foreground" "-no-remote" "-profile" "C:\\Users\\olaju\\AppData\\Local\\Temp\\rust_mozprofileVgnmlU"
1621802397728	Marionette	INFO	Marionette enabled
console.warn: SearchSettings: "get: No settings file exists, new profile?" (new Error("", "(unknown module)"))
1621802399940	Marionette	INFO	Listening on port 57364
1621802400021	Marionette	WARN	TLS certificate errors will be ignored for this session
1621802449813	Marionette	INFO	Stopped listening on port 57361621802450411	mozrunner::runner	INFO	Running command: "C:\\Program Files\\Mozilla Firefox\\firefox.exe" "--marionette" "-foreground" "-no-remote" "-profile" "C:\\Users\\olaju\\AppData\\Local\\Temp\\rust_mozprofileChFBiI"
1621802451462	Marionette	INFO	Marionette enabled
console.warn: SearchSettings: "get: No settings file exists, new profile?" (new Error("", "(unknown module)"))
1621802454059	Marionette	INFO	Listening on port 57451
1621802454584	Marionette	WARN	TLS certificate errors will be ignored for this session

###!!! [Child][MessageChannel] Error: (msgtype=0x5B0009,name=PHttpChannel::Msg_DeletingChannel) Channel closing: too late to send/recv, messages will be lost

1621804697915	Marionette	INFO	Stopped listening on port 57451

###!!! [Child][RunMessage] Error: Channel closing: too late to send/recv, messages will be lost

ed
console.warn: SearchSettings: "get: No settings file exists, new profile?" (new Error("", "(unknown module)"))
1621804477707	Marionette	INFO	Listening on port 57846
1621804477834	Marionette	WARN	TLS certificate errors will be ignored for this session

###!!! [Child][RunMessage] Error: Channel closing: too late to send/recv, messages will be lost

1621804519053	Marionette	INFO	Stopped listening on port 57846
1621804571392	geckodriver	INFO	Listening on 127.0.0.1:57939
1621804574428	mozrunner::runner	INFO	Running command: "C:\\Program Files\\Mozilla Firefox\\firefox.exe" "--marionette" "-foreground" "-no-remote" "-profile" "C:\\Users\\olaju\\AppData\\Local\\Temp\\rust_mozprofilepGyoXf"
1621804575095	Marionette	INFO	Marionette enabled
console.warn: SearchSettings: "get: No settings file exists, new profile?" (new Error("", "(unknown module)"))
1621804577704	Marionette	INFO	Listening on port 57948
1621804578241	Marionette	WARN	TLS certificate errors will be ignored for this session
JavaScript error: resource://gre/modules/AsyncShutdown.jsm, line 575: NotFoundError: No such JSWindowActor 'MarionetteEvents'
IPDL protocol error: Handler returned error code!

###!!! [Parent][DispatchAsyncMessage] Error: PLayerTransaction::Msg_ReleaseLayer Processing error: message was deserialized, but the handler returned false (indicating failure)

IPDL protocol error: Handler returned error code!

###!!! [Parent][DispatchAsyncMessage] Error: PLayerTransaction::Msg_ReleaseLayer Processing error: message was deserialized, but the handler returned false (indicating failure)

IPDL protocol error: Handler returned error code!

###!!! [Parent][DispatchAsyncMessage] Error: PLayerTransaction::Msg_ReleaseLayer Processing error: message was deserialized, but the handler returned false (indicating failure)

IPDL protocol error: Handler returned error code!

###!!! [Parent][DispatchAsyncMessage] Error: PLayerTransaction::Msg_ReleaseLayer Processing error: message was deserialized, but the handler returned false (indicating failure)

IPDL protocol error: Handler returned error code!

###!!! [Parent][DispatchAsyncMessage] Error: PLayerTransaction::Msg_ReleaseLayer Processing error: message was deserialized, but the handler returned false (indicating failure)

IPDL protocol error: Handler returned error code!

###!!! [Parent][DispatchAsyncMessage] Error: PLayerTransaction::Msg_ReleaseLayer Processing error: message was deserialized, but the handler returned false (indicating failure)

IPDL protocol error: Handler returned error code!

###!!! [Parent][DispatchAsyncMessage] Error: PLayerTransaction::Msg_ReleaseLayer Processing error: message was deserialized, but the handler returned false (indicating failure)

IPDL protocol error: Handler returned error code!

###!!! [Parent][DispatchAsyncMessage] Error: PLayerTransaction::Msg_ReleaseLayer Processing error: message was deserialized, but the handler returned false (indicating failure)

JavaScript error: resource://gre/modules/Sqlite.jsm, line 1030: Error: Sqlite.jsm has been shutdown. Cannot open connection to: C:\Users\olaju\AppData\Local\Temp\rust_mozprofilepGyoXf\protections.sqlite
1621804581226	Marionette	INFO	Stopped listening on port 57948

###!!! [Child][RunMessage] Error: Channel closing: too late to send/recv, messages will be lost

1621804695299	geckodriver	INFO	Listening on 127.0.0.1:58061
1621804698320	mozrunner::runner	INFO	Running command: "C:\\Program Files\\Mozilla Firefox\\firefox.exe" "--marionette" "-foreground" "-no-remote" "-profile" "C:\\Users\\olaju\\AppData\\Local\\Temp\\rust_mozprofilebZFyW5"
1621804699050	Marionette	INFO	Marionette enabled
console.warn: SearchSettings: "get: No settings file exists, new profile?" (new Error("", "(unknown module)"))
1621804701310	Marionette	INFO	Listening on port 58069
1621804701825	Marionette	WARN	TLS certificate errors will be ignored for this session
JavaScript error: resource://gre/modules/AsyncShutdown.jsm, line 575: NotFoundError: No such JSWindowActor 'MarionetteEvents'
1621804803490	Marionette	INFO	Stopped listening on port 58069

###!!! [Child][RunMessage] Error: Channel closing: too late to send/recv, messages will be lost

1621805034246	geckodriver	INFO	Listening on 127.0.0.1:58181
1621805037279	mozrunner::runner	INFO	Running command: "C:\\Program Files\\Mozilla Firefox\\firefox.exe" "--marionette" "-foreground" "-no-remote" "-profile" "C:\\Users\\olaju\\AppData\\Local\\Temp\\rust_mozprofilefUHBFa"
1621805037729	Marionette	INFO	Marionette enabled
console.warn: SearchSettings: "get: No settings file exists, new profile?" (new Error("", "(unknown module)"))
1621805039926	Marionette	INFO	Listening on port 58189
1621805039978	Marionette	WARN	TLS certificate errors will be ignored for this session

###!!! [Child][MessageChannel] Error: (msgtype=0x6B0027,name=PNecko::Msg_RemoveRequestContext) Channel closing: too late to send/recv, messages will be lost


###!!! [Child][RunMessage] Error: Channel closing: too late to send/recv, messages will be lost


###!!! [Child][RunMessage] Error: Channel closing: too late to send/recv, messages will be lost


###!!! [Child][RunMessage] Error: Channel closing: too late to send/recv, messages will be lost


###!!! [Child][RunMessage] Error: Channel closing: too late to send/recv, messages will be lost

1621805091981	Marionette	INFO	Stopped listening on port 58189

###!!! [Child][RunMessage] Error: Channel closing: too late to send/recv, messages will be lost

1621805115342	geckodriver	INFO	Listening on 127.0.0.1:58275
1621805118331	mozrunner::runner	INFO	Running command: "C:\\Program Files\\Mozilla Firefox\\firefox.exe" "--marionette" "-foreground" "-no-remote" "-profile" "C:\\Users\\olaju\\AppData\\Local\\Temp\\rust_mozprofilenpZCf9"
1621805119162	Marionette	INFO	Marionette enabled
console.warn: SearchSettings: "get: No settings file exists, new profile?" (new Error("", "(unknown module)"))
1621805122387	Marionette	INFO	Listening on port 58284
1621805122794	Marionette	WARN	TLS certificate errors will be ignored for this session
1621805127979	Marionette	INFO	Stopped listening on port 58284

###!!! [Child][RunMessage] Error: Channel closing: too late to send/recv, messages will be lost

1621805130922	geckodriver	INFO	Listening on 127.0.0.1:58335
1621805133950	mozrunner::runner	INFO	Running command: "C:\\Program Files\\Mozilla Firefox\\firefox.exe" "--marionette" "-foreground" "-no-remote" "-profile" "C:\\Users\\olaju\\AppData\\Local\\Temp\\rust_mozprofileII2heD"
1621805134580	Marionette	INFO	Marionette enabled
console.warn: SearchSettings: "get: No settings file exists, new profile?" (new Error("", "(unknown module)"))
1621805136932	Marionette	INFO	Listening on port 58345
1621805137147	Marionette	WARN	TLS certificate errors will be ignored for this session
JavaScript error: resource:///actors/ContentMetaChild.jsm, line 179: InvalidStateError: JSWindowActorChild.sendAsyncMessage: JSWindowActorChild cannot send at the moment
1621805140819	Marionette	INFO	Stopped listening on port 58345
1621805144243	geckodriver	INFO	Listening on 127.0.0.1:58396
1621805147266	mozrunner::runner	INFO	Running command: "C:\\Program Files\\Mozilla Firefox\\firefox.exe" "--marionette" "-foreground" "-no-remote" "-profile" "C:\\Users\\olaju\\AppData\\Local\\Temp\\rust_mozprofileB2kdkk"
1621805147715	Marionette	INFO	Marionette enabled
console.warn: SearchSettings: "get: No settings file exists, new profile?" (new Error("", "(unknown module)"))
1621805149413	Marionette	INFO	Listening on port 58404
1621805149458	Marionette	WARN	TLS certificate errors will be ignored for this session
1621805165213	Marionette	INFO	Stopped listening on port 58401621805167275	mozrunner::runner	INFO	Running command: "C:\\Program Files\\Mozilla Firefox\\firefox.exe" "--marionette" "-foreground" "-no-remote" "-profile" "C:\\Users\\olaju\\AppData\\Local\\Temp\\rust_mozprofileOG45N6"
1621805167686	Marionette	INFO	Marionette enabled
console.warn: SearchSettings: "get: No settings file exists, new profile?" (new Error("", "(unknown module)"))
1621805169964	Marionette	INFO	Listening on port 58455
1621805170471	Marionette	WARN	TLS certificate errors will be ignored for this session
1621805230090	Marionette	INFO	Stopped listening on port 58455

###!!! [Child][RunMessage] Error: Channel closing: too late to send/recv, messages will be lost

"--marionette" "-foreground" "-no-remote" "-profile" "C:\\Users\\olaju\\AppData\\Local\\Temp\\rust_mozprofilevA58kp"
1621805212905	Marionette	INFO	Marionette enabled
console.warn: SearchSettings: "get: No settings file exists, new profile?" (new Error("", "(unknown module)"))
1621805214792	Marionette	INFO	Listening on port 58513
1621805215186	Marionette	WARN	TLS certificate errors will be ignored for this session
1621805230668	Marionette	INFO	Stopped listening on port 58513
1621805233070	geckodriver	INFO	Listening on 127.0.0.1:58562
1621805236092	mozrunner::runner	INFO	Running command: "C:\\Program Files\\Mozilla Firefox\\firefox.exe" "--marionette" "-foreground" "-no-remote" "-profile" "C:\\Users\\olaju\\AppData\\Local\\Temp\\rust_mozprofileYvFCuA"
1621805236511	Marionette	INFO	Marionette enabled
console.warn: SearchSettings: "get: No settings file exists, new profile?" (new Error("", "(unknown module)"))
1621805238449	Marionette	INFO	Listening on port 58570
1621805238779	Marionette	WARN	TLS certificate errors will be ignored for this session
1621805340074	Marionette	INFO	Stopped listening on port 58570
1805291893	mozrunner::runner	INFO	Running command: "C:\\Program Files\\Mozilla Firefox\\firefox.exe" "--marionette" "-foreground" "-no-remote" "-profile" "C:\\Users\\olaju\\AppData\\Local\\Temp\\rust_mozprofileUWAsE4"
1621805292288	Marionette	INFO	Marionette enabled
console.warn: SearchSettings: "get: No settings file exists, new profile?" (new Error("", "(unknown module)"))
1621805294353	Marionette	INFO	Listening on port 58635
1621805294577	Marionette	WARN	TLS certificate errors will be ignored for this session
1621805339027	Marionette	INFO	Stopped listening on port 58635

###!!! [Child][RunMessage] Error: Channel closing: too late to send/recv, messages will be lost

"--marionette" "-foreground" "-no-remote" "-profile" "C:\\Users\\olaju\\AppData\\Local\\Temp\\rust_mozprofileVdnkRE"
1621805302911	Marionette	INFO	Marionette enabled
console.warn: SearchSettings: "get: No settings file exists, new profile?" (new Error("", "(unknown module)"))
1621805304455	Marionette	INFO	Listening on port 58690
1621805304644	Marionette	WARN	TLS certificate errors will be ignored for this session
1621805337105	Marionette	INFO	Stopped listening on port 58690

###!!! [Child][RunMessage] Error: Channel closing: too late to send/recv, messages will be lost

1621805415431	geckodriver	INFO	Listening on 127.0.0.1:58756
1621805418458	mozrunner::runner	INFO	Running command: "C:\\Program Files\\Mozilla Firefox\\firefox.exe" "--marionette" "-foreground" "-no-remote" "-profile" "C:\\Users\\olaju\\AppData\\Local\\Temp\\rust_mozprofileT4XnZd"
1621805418987	Marionette	INFO	Marionette enabled
console.warn: SearchSettings: "get: No settings file exists, new profile?" (new Error("", "(unknown module)"))
1621805421623	Marionette	INFO	Listening on port 58765
1621805421826	Marionette	WARN	TLS certificate errors will be ignored for this session
JavaScript error: , line 0: NotFoundError: No such JSWindowActor 'MarionetteEvents'
JavaScript error: , line 0: NotFoundError: No such JSWindowActor 'MarionetteEvents'
1621805467817	Marionette	INFO	Stopped listening on port 58765

###!!! [Child][RunMessage] Error: Channel closing: too late to send/recv, messages will be lost

1621805552807	geckodriver	INFO	Listening on 127.0.0.1:58853
1621805555830	mozrunner::runner	INFO	Running command: "C:\\Program Files\\Mozilla Firefox\\firefox.exe" "--marionette" "-foreground" "-no-remote" "-profile" "C:\\Users\\olaju\\AppData\\Local\\Temp\\rust_mozprofile7iHvRa"
1621805556292	Marionette	INFO	Marionette enabled
console.warn: SearchSettings: "get: No settings file exists, new profile?" (new Error("", "(unknown module)"))
1621805557977	Marionette	INFO	Listening on port 58862
1621805558002	Marionette	WARN	TLS certificate errors will be ignored for this session

###!!! [Child][RunMessage] Error: Channel closing: too late to send/recv, messages will be lost


###!!! [Child][RunMessage] Error: Channel closing: too late to send/recv, messages will be lost

[Parent 16980, IPC I/O Parent] WARNING: pipe error: 232: file /builds/worker/checkouts/gecko/ipc/chromium/src/chrome/common/ipc_channel_win.cc:544

###!!! [Child][RunMessage] Error: Channel closing: too late to send/recv, messages will be lost


###!!! [Child][RunMessage] Error: Channel closing: too late to send/recv, messages will be lost


###!!! [Child][RunMessage] Error: Channel closing: too late to send/recv, messages will be lost


###!!! [Child][RunMessage] Error: Channel closing: too late to send/recv, messages will be lost

1621805921412	Marionette	INFO	Stopped listening on port 58862

###!!! [Child][RunMessage] Error: Channel closing: too late to send/recv, messages will be lost

1621806303416	geckodriver	INFO	Listening on 127.0.0.1:59057
1621806306427	mozrunner::runner	INFO	Running command: "C:\\Program Files\\Mozilla Firefox\\firefox.exe" "--marionette" "-foreground" "-no-remote" "-profile" "C:\\Users\\olaju\\AppData\\Local\\Temp\\rust_mozprofileWsmpWe"
1621806306849	Marionette	INFO	Marionette enabled
console.warn: SearchSettings: "get: No settings file exists, new profile?" (new Error("", "(unknown module)"))
1621806308691	Marionette	INFO	Listening on port 59065
1621806309128	Marionette	WARN	TLS certificate errors will be ignored for this session
IPDL protocol error: Handler returned error code!

###!!! [Parent][DispatchAsyncMessage] Error: PLayerTransaction::Msg_ReleaseLayer Processing error: message was deserialized, but the handler returned false (indicating failure)

1621806360756	Marionette	INFO	Stopped listening on port 59065
1621806458308	geckodriver	INFO	Listening on 127.0.0.1:59140
1621806461332	mozrunner::runner	INFO	Running command: "C:\\Program Files\\Mozilla Firefox\\firefox.exe" "--marionette" "-foreground" "-no-remote" "-profile" "C:\\Users\\olaju\\AppData\\Local\\Temp\\rust_mozprofileDc4tjZ"
1621806461884	Marionette	INFO	Marionette enabled
console.warn: SearchSettings: "get: No settings file exists, new profile?" (new Error("", "(unknown module)"))
1621806463866	Marionette	INFO	Listening on port 59153
1621806464064	Marionette	WARN	TLS certificate errors will be ignored for this session
1621806500469	Marionette	INFO	Stopped listening on port 59153

###!!! [Child][RunMessage] Error: Channel closing: too late to send/recv, messages will be lost

1621806513332	geckodriver	INFO	Listening on 127.0.0.1:59214
1621806516356	mozrunner::runner	INFO	Running command: "C:\\Program Files\\Mozilla Firefox\\firefox.exe" "--marionette" "-foreground" "-no-remote" "-profile" "C:\\Users\\olaju\\AppData\\Local\\Temp\\rust_mozprofilev90fVO"
1621806516795	Marionette	INFO	Marionette enabled
console.warn: SearchSettings: "get: No settings file exists, new profile?" (new Error("", "(unknown module)"))
1621806518515	Marionette	INFO	Listening on port 59222
1621806518538	Marionette	WARN	TLS certificate errors will be ignored for this session
1621806540775	Marionette	INFO	Stopped listening on port 59222
1621806619433	geckodriver	INFO	Listening on 127.0.0.1:59296
1621806622453	mozrunner::runner	INFO	Running command: "C:\\Program Files\\Mozilla Firefox\\firefox.exe" "--marionette" "-foreground" "-no-remote" "-profile" "C:\\Users\\olaju\\AppData\\Local\\Temp\\rust_mozprofilen83zJ6"
1621806623019	Marionette	INFO	Marionette enabled
console.warn: SearchSettings: "get: No settings file exists, new profile?" (new Error("", "(unknown module)"))
1621806625154	Marionette	INFO	Listening on port 59307
1621806625648	Marionette	WARN	TLS certificate errors will be ignored for this session

###!!! [Child][RunMessage] Error: Channel closing: too late to send/recv, messages will be lost


###!!! [Child][MessageChannel] Error: (msgtype=0x5B0004,name=PHttpChannel::Msg_Cancel) Channel closing: too late to send/recv, messages will be lost


###!!! [Child][MessageChannel] Error: (msgtype=0x5B0009,name=PHttpChannel::Msg_DeletingChannel) Channel closing: too late to send/recv, messages will be lost

[Parent 17128, IPC I/O Parent] WARNING: pipe error: 232: file /builds/worker/checkouts/gecko/ipc/chromium/src/chrome/common/ipc_channel_win.cc:544
[Child 3652, IPC I/O Child] WARNING: pipe error: 232: file /builds/worker/checkouts/gecko/ipc/chromium/src/chrome/common/ipc_channel_win.cc:544
1621812954084	Marionette	INFO	Stopped listening on port 59307

###!!! [Child][RunMessage] Error: Channel closing: too late to send/recv, messages will be lost

